
=====================================================
Gobuster v2.0.1              OJ Reeves (@TheColonial)
=====================================================
[+] Mode         : dir
[+] Url/Domain   : http://142.93.38.140:30899/assets../
[+] Threads      : 10
[+] Wordlist     : /opt/directory-list-2.3-medium.txt
[+] Status codes : 200,204,301,302,307,403
[+] Extensions   : html,log,conf,cfg,bak,php,txt
[+] Timeout      : 10s
=====================================================
=====================================================
/resources (Status: 301)
/public (Status: 301)
/tests (Status: 301)
/storage (Status: 301)
/server.php (Status: 200)
/database (Status: 301)
/app (Status: 301)
/vendor (Status: 301)
/config (Status: 301)
