get req: "USER anonymous\r\n"
get req: "PASS anonymous\r\n"
get req: "CWD /%eee;\r\n"
get req: "TYPE I\r\n"
get req: "SIZE /%eee;\r\n"
get req: "MDTM /%eee;\r\n"
get req: "USER anonymous\r\n"
get req: "PASS anonymous\r\n"
get req: "TYPE I\r\n"
get req: "SIZE /%eee;\r\n"
get req: "EPSV\r\n"
get req: "PASV\r\n"
get req: "USER anonymous\r\n"
get req: "PASS anonymous\r\n"
get req: "CWD /%eee;\r\n"
get req: "TYPE I\r\n"
get req: "SIZE /%eee;\r\n"
get req: "MDTM /%eee;\r\n"
get req: "USER anonymous\r\n"
get req: "PASS anonymous\r\n"
get req: "TYPE I\r\n"
get req: "SIZE /%eee;\r\n"
get req: "EPSV\r\n"
get req: "PASV\r\n"
get req: "USER anonymous\r\n"
get req: "PASS anonymous\r\n"
get req: "CWD /test;\r\n"
get req: "TYPE I\r\n"
get req: "SIZE /test;\r\n"
get req: "MDTM /test;\r\n"
get req: "USER anonymous\r\n"
get req: "PASS anonymous\r\n"
get req: "TYPE I\r\n"
get req: "SIZE /test;\r\n"
get req: "EPSV\r\n"
get req: "PASV\r\n"
get req: "USER anonymous\r\n"
get req: "PASS anonymous\r\n"
get req: "CWD /test;\r\n"
get req: "TYPE I\r\n"
get req: "SIZE /test;\r\n"
get req: "MDTM /test;\r\n"
get req: "USER anonymous\r\n"
get req: "PASS anonymous\r\n"
get req: "TYPE I\r\n"
get req: "SIZE /test;\r\n"
get req: "EPSV\r\n"
get req: "PASV\r\n"
get req: "USER anonymous\r\n"
get req: "PASS anonymous\r\n"
get req: "CWD /%eee;\r\n"
get req: "TYPE I\r\n"
get req: "SIZE /%eee;\r\n"
get req: "MDTM /%eee;\r\n"
get req: "USER anonymous\r\n"
get req: "PASS anonymous\r\n"
get req: "TYPE I\r\n"
get req: "SIZE /%eee;\r\n"
get req: "EPSV\r\n"
get req: "PASV\r\n"
get req: "USER anonymous\r\n"
get req: "PASS anonymous\r\n"
get req: "CWD /%eee;\r\n"
get req: "TYPE I\r\n"
get req: "SIZE /%eee;\r\n"
get req: "MDTM /%eee;\r\n"
get req: "USER anonymous\r\n"
get req: "PASS anonymous\r\n"
get req: "TYPE I\r\n"
get req: "SIZE /%eee;\r\n"
get req: "EPSV\r\n"
get req: "PASV\r\n"
get req: "USER anonymous\r\n"
get req: "PASS anonymous\r\n"
get req: "CWD /a\r\n"
get req: "TYPE I\r\n"
get req: "SIZE /a\r\n"
get req: "MDTM /a\r\n"
get req: "USER anonymous\r\n"
get req: "PASS anonymous\r\n"
get req: "TYPE I\r\n"
get req: "SIZE /a\r\n"
get req: "EPSV\r\n"
get req: "PASV\r\n"
get req: "USER anonymous\r\n"
get req: "PASS anonymous\r\n"
get req: "CWD /\r\n"
get req: "TYPE I\r\n"
get req: "SIZE /\r\n"
get req: "MDTM /\r\n"
get req: "USER anonymous\r\n"
get req: "PASS anonymous\r\n"
get req: "TYPE I\r\n"
get req: "SIZE /\r\n"
get req: "EPSV\r\n"
get req: "PASV\r\n"
get req: "USER anonymous\r\n"
get req: "PASS anonymous\r\n"
get req: "CWD /\r\n"
get req: "TYPE I\r\n"
get req: "SIZE /\r\n"
get req: "MDTM /\r\n"
get req: "USER anonymous\r\n"
get req: "PASS anonymous\r\n"
get req: "TYPE I\r\n"
get req: "SIZE /\r\n"
get req: "EPSV\r\n"
get req: "PASV\r\n"
get req: "USER anonymous\r\n"
get req: "PASS anonymous\r\n"
get req: "CWD /\r\n"
get req: "TYPE I\r\n"
get req: "SIZE /\r\n"
get req: "MDTM /\r\n"
get req: "USER anonymous\r\n"
get req: "PASS anonymous\r\n"
get req: "TYPE I\r\n"
get req: "SIZE /\r\n"
get req: "EPSV\r\n"
get req: "PASV\r\n"
get req: "USER anonymous\r\n"
get req: "PASS anonymous\r\n"
get req: "CWD /\r\n"
get req: "TYPE I\r\n"
get req: "SIZE /\r\n"
get req: "MDTM /\r\n"
get req: "USER anonymous\r\n"
get req: "PASS anonymous\r\n"
get req: "TYPE I\r\n"
get req: "SIZE /\r\n"
get req: "EPSV\r\n"
get req: "PASV\r\n"
get req: "USER anonymous\r\n"
get req: "PASS anonymous\r\n"
get req: "CWD /%eee\r\n"
get req: "TYPE I\r\n"
get req: "SIZE /%eee\r\n"
get req: "MDTM /%eee\r\n"
get req: "USER anonymous\r\n"
get req: "PASS anonymous\r\n"
get req: "TYPE I\r\n"
get req: "SIZE /%eee\r\n"
get req: "EPSV\r\n"
get req: "PASV\r\n"
get req: "USER anonymous\r\n"
get req: "PASS anonymous\r\n"
get req: "CWD /\r\n"
get req: "TYPE I\r\n"
get req: "SIZE /\r\n"
get req: "MDTM /\r\n"
get req: "USER anonymous\r\n"
get req: "PASS anonymous\r\n"
get req: "TYPE I\r\n"
get req: "SIZE /\r\n"
get req: "EPSV\r\n"
get req: "PASV\r\n"
get req: "USER anonymous\r\n"
get req: "PASS anonymous\r\n"
get req: "CWD /\r\n"
get req: "TYPE I\r\n"
get req: "SIZE /\r\n"
get req: "MDTM /\r\n"
get req: "USER anonymous\r\n"
get req: "PASS anonymous\r\n"
get req: "TYPE I\r\n"
get req: "SIZE /\r\n"
get req: "EPSV\r\n"
get req: "PASV\r\n"
get req: "USER anonymous\r\n"
get req: "PASS anonymous\r\n"
get req: "CWD /\r\n"
get req: "TYPE I\r\n"
get req: "SIZE /\r\n"
get req: "MDTM /\r\n"
get req: "USER anonymous\r\n"
get req: "PASS anonymous\r\n"
get req: "TYPE I\r\n"
get req: "SIZE /\r\n"
get req: "EPSV\r\n"
get req: "PASV\r\n"
get req: "USER anonymous\r\n"
get req: "PASS anonymous\r\n"
get req: "CWD /\r\n"
get req: "TYPE I\r\n"
get req: "SIZE /\r\n"
get req: "MDTM /\r\n"
get req: "USER anonymous\r\n"
get req: "PASS anonymous\r\n"
get req: "TYPE I\r\n"
get req: "SIZE /\r\n"
get req: "EPSV\r\n"
get req: "PASV\r\n"
get req: "USER anonymous\r\n"
get req: "PASS anonymous\r\n"
get req: "CWD /\r\n"
get req: "TYPE I\r\n"
get req: "SIZE /\r\n"
get req: "MDTM /\r\n"
get req: "USER anonymous\r\n"
get req: "PASS anonymous\r\n"
get req: "TYPE I\r\n"
get req: "SIZE /\r\n"
get req: "EPSV\r\n"
get req: "PASV\r\n"
get req: "USER anonymous\r\n"
get req: "PASS anonymous\r\n"
get req: "CWD /\r\n"
get req: "TYPE I\r\n"
get req: "SIZE /\r\n"
get req: "MDTM /\r\n"
get req: "USER anonymous\r\n"
get req: "PASS anonymous\r\n"
get req: "TYPE I\r\n"
get req: "SIZE /\r\n"
get req: "EPSV\r\n"
get req: "PASV\r\n"
get req: "USER anonymous\r\n"
get req: "PASS anonymous\r\n"
get req: "CWD /\r\n"
get req: "TYPE I\r\n"
get req: "SIZE /\r\n"
get req: "MDTM /\r\n"
get req: "USER anonymous\r\n"
get req: "PASS anonymous\r\n"
get req: "TYPE I\r\n"
get req: "SIZE /\r\n"
get req: "EPSV\r\n"
get req: "PASV\r\n"
get req: "USER anonymous\r\n"
get req: "PASS anonymous\r\n"
get req: "CWD /\r\n"
get req: "TYPE I\r\n"
get req: "SIZE /\r\n"
get req: "MDTM /\r\n"
get req: "USER anonymous\r\n"
get req: "PASS anonymous\r\n"
get req: "TYPE I\r\n"
get req: "SIZE /\r\n"
get req: "EPSV\r\n"
get req: "PASV\r\n"
get req: "USER anonymous\r\n"
get req: "PASS anonymous\r\n"
get req: "CWD /a\r\n"
get req: "TYPE I\r\n"
get req: "SIZE /a\r\n"
get req: "MDTM /a\r\n"
get req: "USER anonymous\r\n"
get req: "PASS anonymous\r\n"
get req: "TYPE I\r\n"
get req: "SIZE /a\r\n"
get req: "EPSV\r\n"
get req: "PASV\r\n"
get req: "USER anonymous\r\n"
get req: "PASS anonymous\r\n"
get req: "CWD /a\r\n"
get req: "TYPE I\r\n"
get req: "SIZE /a\r\n"
get req: "MDTM /a\r\n"
get req: "USER anonymous\r\n"
get req: "PASS anonymous\r\n"
get req: "TYPE I\r\n"
get req: "SIZE /a\r\n"
get req: "EPSV\r\n"
get req: "PASV\r\n"
get req: "USER anonymous\r\n"
get req: "PASS anonymous\r\n"
get req: "CWD /\r\n"
get req: "TYPE I\r\n"
get req: "SIZE /\r\n"
get req: "MDTM /\r\n"
get req: "USER anonymous\r\n"
get req: "PASS anonymous\r\n"
get req: "TYPE I\r\n"
get req: "SIZE /\r\n"
get req: "EPSV\r\n"
get req: "PASV\r\n"
get req: "USER anonymous\r\n"
get req: "PASS anonymous\r\n"
get req: "CWD /\r\n"
get req: "TYPE I\r\n"
get req: "SIZE /\r\n"
get req: "MDTM /\r\n"
get req: "USER anonymous\r\n"
get req: "PASS anonymous\r\n"
get req: "TYPE I\r\n"
get req: "SIZE /\r\n"
get req: "EPSV\r\n"
get req: "PASV\r\n"
get req: "USER anonymous\r\n"
get req: "PASS anonymous\r\n"
get req: "CWD /\r\n"
get req: "TYPE I\r\n"
get req: "SIZE /\r\n"
get req: "MDTM /\r\n"
get req: "USER anonymous\r\n"
get req: "PASS anonymous\r\n"
get req: "TYPE I\r\n"
get req: "SIZE /\r\n"
get req: "EPSV\r\n"
get req: "PASV\r\n"
get req: "USER anonymous\r\n"
get req: "PASS anonymous\r\n"
get req: "CWD /aaa\r\n"
get req: "TYPE I\r\n"
get req: "SIZE /aaa\r\n"
get req: "MDTM /aaa\r\n"
get req: "USER anonymous\r\n"
get req: "PASS anonymous\r\n"
get req: "TYPE I\r\n"
get req: "SIZE /aaa\r\n"
get req: "EPSV\r\n"
get req: "PASV\r\n"
