
=====================================================
Gobuster v2.0.1              OJ Reeves (@TheColonial)
=====================================================
[+] Mode         : dir
[+] Url/Domain   : http://10.129.1.3/
[+] Threads      : 10
[+] Wordlist     : /opt/directory-list-2.3-medium.txt
[+] Status codes : 200,204,301,302,307,403
[+] Timeout      : 10s
=====================================================
=====================================================
/img (Status: 301)
/assets (Status: 301)
/forms (Status: 301)
/licenses (Status: 403)
/%!(NOVERB) (Status: 403)
/IMG (Status: 301)
/Forms (Status: 301)
/Assets (Status: 301)
/*checkout* (Status: 403)
/Img (Status: 301)
/phpmyadmin (Status: 403)
/webalizer (Status: 403)
/*docroot* (Status: 403)
/* (Status: 403)
/con (Status: 403)
/http%!A(MISSING) (Status: 403)
/xsd (Status: 301)
/**http%!a(MISSING) (Status: 403)
/*http%!A(MISSING) (Status: 403)
/xampp (Status: 301)
/FORMS (Status: 301)
/aux (Status: 403)
/**http%!A(MISSING) (Status: 403)
/%!C(MISSING)0 (Status: 403)
/server-status (Status: 403)
/%!F(MISSING)RID%!D(MISSING)2671 (Status: 403)
/devinmoore* (Status: 403)
/200109* (Status: 403)
/*sa_ (Status: 403)
/*dc_ (Status: 403)
/xSD (Status: 301)
/%!D(MISSING)8 (Status: 403)
/%!C(MISSING)F (Status: 403)
/%!C(MISSING)E (Status: 403)
/%!C(MISSING)C (Status: 403)
/%!C(MISSING)D (Status: 403)
/%!C(MISSING)B (Status: 403)
/%!D(MISSING)7 (Status: 403)
/%!D(MISSING)1 (Status: 403)
/%!D(MISSING)0 (Status: 403)
/%!C(MISSING)A (Status: 403)
/%!D(MISSING)4 (Status: 403)
/%!D(MISSING)6 (Status: 403)
/%!D(MISSING)5 (Status: 403)
/%!D(MISSING)3 (Status: 403)
/%!D(MISSING)2 (Status: 403)
/%!C(MISSING)9 (Status: 403)
/%!C(MISSING)1 (Status: 403)
/%!C(MISSING)8 (Status: 403)
/%!C(MISSING)7 (Status: 403)
/%!C(MISSING)2 (Status: 403)
/%!C(MISSING)6 (Status: 403)
/%!C(MISSING)4 (Status: 403)
/%!C(MISSING)5 (Status: 403)
/%!D(MISSING)9 (Status: 403)
/%!C(MISSING)3 (Status: 403)
/%!D(MISSING)F (Status: 403)
/%!D(MISSING)E (Status: 403)
/%!D(MISSING)D (Status: 403)
/%!D(MISSING)B (Status: 403)
/login%!f(MISSING) (Status: 403)
/%!j(MISSING)ames%!k(MISSING)im%!(NOVERB) (Status: 403)
/%!j(MISSING)ulie%!r(MISSING)oehm%!(NOVERB) (Status: 403)
/%!b(MISSING)ritney%!s(MISSING)pears%!(NOVERB) (Status: 403)
=====================================================
=====================================================
